<?xml version="1.0" encoding="UTF-8"?>
<testsuite xmlns:xsi="http://www.w3.org/2001/XMLSchema-instance" xsi:noNamespaceSchemaLocation="https://maven.apache.org/surefire/maven-failsafe-plugin/xsd/failsafe-test-report.xsd" name="Parallel04IT" time="656.754" tests="4" errors="0" skipped="0" failures="0">
  <properties>
[...]
</properties>
  <testcase name="Given User in on Etsy homepage" classname="Scenario: Etsy search for an item" time="0.001"/>
  <testcase name="When User searches for &quot;plastic spoon&quot;" classname="Scenario: Etsy search for an item" time="0"/>
  <testcase name="Then Search results should be displayed" classname="Scenario: Etsy search for an item" time="0"/>
  <testcase name="Scenario: Etsy search for an item" classname="Scenario: Etsy search for an item" time="0.001"/>
</testsuite>